# sessionId: sess_cda7dd3f-208e-40e5-87a7-e8fc417b85dd | attempted hooks.enabled+v2 via _meta.kiro.settings (NOT honored — global flag)

===== _kiro/hooks/list response =====
ERROR: {"code": -32603, "message": "Internal error", "data": {"details": "_kiro/hooks/list is not available when v2Hooks is disabled"}}

===== _kiro/account/getUsage MESSAGE SHAPE (values redacted to types) =====
{
  "success": "bool",
  "message": "str",
  "data": {
    "planName": "str",
    "billingCycleReset": "str",
    "overagesEnabled": "bool",
    "isEnterprise": "bool",
    "usageBreakdowns": [
      {
        "resourceType": "str",
        "displayName": "str",
        "used": "float",
        "limit": "int",
        "percentage": "int",
        "currentOverages": "int",
        "overageRate": "float",
        "overageCharges": "int",
        "currency": "str"
      },
      "...(len=1)"
    ],
    "bonusCredits": []
  }
}

===== session_info_update notifications (10) — _meta.kiro shape =====
  update keys: ['_meta', 'sessionUpdate']
  _meta.kiro: {"contextUsage": {"usagePercentage": 0}, "breakdown": {"contextFiles": {"tokens": 0, "percent": 0, "items": []}, "tools": {"tokens": 4537, "percent": 2.3}, "kiroResponses": {"tokens": 0, "percent": 0}, "yourPrompts": {"tokens": 0, "percent": 0}, "sessionFiles": {"tokens": 0, "percent": 0, "items": []}}, "kind": "context_usage", "usagePercentage": 0}
  update keys: ['_meta', 'sessionUpdate']
  _meta.kiro: {"userMessageId": "465bf60d-89b5-4eb6-b2c7-610501c05b46", "kind": "user_message_id_assigned"}
  update keys: ['_meta', 'sessionUpdate', 'title']
  _meta.kiro: {"focus": {"title": "Run the shell command `echo hi` and report its output."}, "kind": "focus_update", "title": "Run the shell command `echo hi` and report its output."}
  update keys: ['_meta', 'sessionUpdate']
  _meta.kiro: {"turnStart": true, "kind": "turn_start"}
  update keys: ['_meta', 'sessionUpdate']
  _meta.kiro: {"contextUsage": {"usagePercentage": 5.081000328063965}, "kind": "context_usage", "usagePercentage": 5.081000328063965}
  update keys: ['_meta', 'sessionUpdate']
  _meta.kiro: {"contextUsage": {"usagePercentage": 5.081000328063965}, "breakdown": {"contextFiles": {"tokens": 0, "percent": 0, "items": []}, "tools": {"tokens": 24267, "percent": 2.4}, "kiroResponses": {"tokens": 0, "percent": 0}, "yourPrompts": {"tokens": 0, "percent": 0}, "sessionFiles": {"tokens": 0, "percent": 0, "items": []}}, "kind": "context_usage", "usagePercentage": 5.081000328063965}
  update keys: ['_meta', 'sessionUpdate']
  _meta.kiro: {"contextUsage": {"usagePercentage": 5.192200183868408}, "kind": "context_usage", "usagePercentage": 5.192200183868408}
  update keys: ['_meta', 'sessionUpdate']
  _meta.kiro: {"contextUsage": {"usagePercentage": 5.192200183868408}, "breakdown": {"contextFiles": {"tokens": 0, "percent": 0, "items": []}, "tools": {"tokens": 24267, "percent": 2.4}, "kiroResponses": {"tokens": 0, "percent": 0}, "yourPrompts": {"tokens": 0, "percent": 0}, "sessionFiles": {"tokens": 0, "percent": 0, "items": []}}, "kind": "context_usage", "usagePercentage": 5.192200183868408}
  update keys: ['_meta', 'sessionUpdate']
  _meta.kiro: {"promptTurnSummaries": [{"unit": "credit", "unitPlural": "credits", "usage": 0.3309979097844113, "usedTools": ["execute_bash"]}], "elapsedTime": 6131, "status": "success", "kind": "turn_completion"}
  update keys: ['_meta', 'sessionUpdate']
  _meta.kiro: {"turnEnd": {"stopReason": "end_turn"}, "kind": "turn_end", "stopReason": "end_turn"}

===== HOOKS DIRECTION =====
  server->client _kiro/hooks/* calls during session: (none)
  NOTE: hooks/list errored above because this probe set the flag in the WRONG place
  (_meta.kiro.settings.hooks). The working enable path is _meta.kiro.hooks={enabled,v2}
  (sibling of settings) — see probe-kas-hooks-enabled-2.7.1.py. Bundle shows hooks run
  SERVER-SIDE (CommandAction({processRunner})); host is not called back to run them.

# log: /home/dwalleck/repos/cyril/experiments/conductor-spike/logs/probe-kas-hooks-usage-2.7.1.log
